{"C:\\Users\\עידן\\Documents\\GitHub\\ScruMaster\\App.js": {"path":"C:\\Users\\עידן\\Documents\\GitHub\\ScruMaster\\App.js","statementMap":{"0":{"start":{"line":19,"column":20},"end":{"line":25,"column":2}},"1":{"start":{"line":28,"column":14},"end":{"line":28,"column":67}},"2":{"start":{"line":30,"column":19},"end":{"line":34,"column":1}},"3":{"start":{"line":31,"column":2},"end":{"line":33,"column":5}},"4":{"start":{"line":38,"column":37},"end":{"line":38,"column":52}},"5":{"start":{"line":39,"column":2},"end":{"line":47,"column":3}},"6":{"start":{"line":40,"column":4},"end":{"line":46,"column":6}},"7":{"start":{"line":43,"column":25},"end":{"line":43,"column":45}},"8":{"start":{"line":49,"column":2},"end":{"line":53,"column":4}}},"fnMap":{"0":{"name":"(anonymous_0)","decl":{"start":{"line":30,"column":19},"end":{"line":30,"column":20}},"loc":{"start":{"line":30,"column":25},"end":{"line":34,"column":1}},"line":30},"1":{"name":"App","decl":{"start":{"line":37,"column":24},"end":{"line":37,"column":27}},"loc":{"start":{"line":37,"column":30},"end":{"line":54,"column":1}},"line":37},"2":{"name":"(anonymous_2)","decl":{"start":{"line":43,"column":18},"end":{"line":43,"column":19}},"loc":{"start":{"line":43,"column":24},"end":{"line":43,"column":47}},"line":43}},"branchMap":{"0":{"loc":{"start":{"line":39,"column":2},"end":{"line":47,"column":3}},"type":"if","locations":[{"start":{"line":39,"column":2},"end":{"line":47,"column":3}},{"start":{"line":39,"column":2},"end":{"line":47,"column":3}}],"line":39}},"s":{"0":1,"1":1,"2":1,"3":0,"4":0,"5":0,"6":0,"7":0,"8":0},"f":{"0":0,"1":0,"2":0},"b":{"0":[0,0]},"_coverageSchema":"1a1c01bbd47fc00a2c39e90264f33305004495a9","hash":"efd13a86a1703aa9a5d02d22c46a45e9ae1ace96"}
,"C:\\Users\\עידן\\Documents\\GitHub\\ScruMaster\\components\\ProjectAdminItem.js": {"path":"C:\\Users\\עידן\\Documents\\GitHub\\ScruMaster\\components\\ProjectAdminItem.js","statementMap":{"0":{"start":{"line":8,"column":25},"end":{"line":47,"column":1}},"1":{"start":{"line":9,"column":2},"end":{"line":46,"column":4}},"2":{"start":{"line":49,"column":15},"end":{"line":83,"column":2}}},"fnMap":{"0":{"name":"(anonymous_0)","decl":{"start":{"line":8,"column":25},"end":{"line":8,"column":26}},"loc":{"start":{"line":8,"column":34},"end":{"line":47,"column":1}},"line":8}},"branchMap":{},"s":{"0":1,"1":0,"2":1},"f":{"0":0},"b":{},"_coverageSchema":"1a1c01bbd47fc00a2c39e90264f33305004495a9","hash":"685c32dfd28eb34ad8ffabbc4acab532d7d4d481"}
,"C:\\Users\\עידן\\Documents\\GitHub\\ScruMaster\\components\\TaskItem.js": {"path":"C:\\Users\\עידן\\Documents\\GitHub\\ScruMaster\\components\\TaskItem.js","statementMap":{"0":{"start":{"line":7,"column":17},"end":{"line":46,"column":1}},"1":{"start":{"line":8,"column":2},"end":{"line":45,"column":4}},"2":{"start":{"line":48,"column":15},"end":{"line":82,"column":2}}},"fnMap":{"0":{"name":"(anonymous_0)","decl":{"start":{"line":7,"column":17},"end":{"line":7,"column":18}},"loc":{"start":{"line":7,"column":26},"end":{"line":46,"column":1}},"line":7}},"branchMap":{},"s":{"0":1,"1":0,"2":1},"f":{"0":0},"b":{},"_coverageSchema":"1a1c01bbd47fc00a2c39e90264f33305004495a9","hash":"cc39e15c868aa2b3d427dcff6e79d09dc4e9b49c"}
,"C:\\Users\\עידן\\Documents\\GitHub\\ScruMaster\\components\\UI\\Card.js": {"path":"C:\\Users\\עידן\\Documents\\GitHub\\ScruMaster\\components\\UI\\Card.js","statementMap":{"0":{"start":{"line":4,"column":13},"end":{"line":6,"column":1}},"1":{"start":{"line":5,"column":2},"end":{"line":5,"column":80}},"2":{"start":{"line":8,"column":15},"end":{"line":18,"column":2}}},"fnMap":{"0":{"name":"(anonymous_0)","decl":{"start":{"line":4,"column":13},"end":{"line":4,"column":14}},"loc":{"start":{"line":4,"column":22},"end":{"line":6,"column":1}},"line":4}},"branchMap":{},"s":{"0":1,"1":0,"2":1},"f":{"0":0},"b":{},"_coverageSchema":"1a1c01bbd47fc00a2c39e90264f33305004495a9","hash":"15a39ae5c50b061f3421c546118a30eaec438ce9"}
,"C:\\Users\\עידן\\Documents\\GitHub\\ScruMaster\\components\\UI\\HeaderButton.js": {"path":"C:\\Users\\עידן\\Documents\\GitHub\\ScruMaster\\components\\UI\\HeaderButton.js","statementMap":{"0":{"start":{"line":8,"column":27},"end":{"line":17,"column":1}},"1":{"start":{"line":9,"column":2},"end":{"line":16,"column":4}}},"fnMap":{"0":{"name":"(anonymous_0)","decl":{"start":{"line":8,"column":27},"end":{"line":8,"column":28}},"loc":{"start":{"line":8,"column":36},"end":{"line":17,"column":1}},"line":8}},"branchMap":{},"s":{"0":1,"1":0},"f":{"0":0},"b":{},"_coverageSchema":"1a1c01bbd47fc00a2c39e90264f33305004495a9","hash":"6438fb0a7a5f3dac8e8541bb32e39e6d2b22810c"}
,"C:\\Users\\עידן\\Documents\\GitHub\\ScruMaster\\components\\UI\\Input.js": {"path":"C:\\Users\\עידן\\Documents\\GitHub\\ScruMaster\\components\\UI\\Input.js","statementMap":{"0":{"start":{"line":4,"column":21},"end":{"line":4,"column":35}},"1":{"start":{"line":5,"column":19},"end":{"line":5,"column":31}},"2":{"start":{"line":8,"column":21},"end":{"line":24,"column":1}},"3":{"start":{"line":9,"column":2},"end":{"line":23,"column":3}},"4":{"start":{"line":11,"column":6},"end":{"line":15,"column":8}},"5":{"start":{"line":17,"column":6},"end":{"line":20,"column":8}},"6":{"start":{"line":22,"column":6},"end":{"line":22,"column":19}},"7":{"start":{"line":26,"column":14},"end":{"line":83,"column":1}},"8":{"start":{"line":27,"column":33},"end":{"line":31,"column":4}},"9":{"start":{"line":33,"column":32},"end":{"line":33,"column":37}},"10":{"start":{"line":35,"column":2},"end":{"line":39,"column":38}},"11":{"start":{"line":36,"column":4},"end":{"line":38,"column":5}},"12":{"start":{"line":37,"column":6},"end":{"line":37,"column":62}},"13":{"start":{"line":41,"column":28},"end":{"line":60,"column":3}},"14":{"start":{"line":42,"column":23},"end":{"line":42,"column":176}},"15":{"start":{"line":43,"column":18},"end":{"line":43,"column":22}},"16":{"start":{"line":44,"column":4},"end":{"line":46,"column":5}},"17":{"start":{"line":45,"column":6},"end":{"line":45,"column":22}},"18":{"start":{"line":47,"column":4},"end":{"line":49,"column":5}},"19":{"start":{"line":48,"column":6},"end":{"line":48,"column":22}},"20":{"start":{"line":50,"column":4},"end":{"line":52,"column":5}},"21":{"start":{"line":51,"column":6},"end":{"line":51,"column":22}},"22":{"start":{"line":53,"column":4},"end":{"line":55,"column":5}},"23":{"start":{"line":54,"column":6},"end":{"line":54,"column":22}},"24":{"start":{"line":56,"column":4},"end":{"line":58,"column":5}},"25":{"start":{"line":57,"column":6},"end":{"line":57,"column":22}},"26":{"start":{"line":59,"column":4},"end":{"line":59,"column":68}},"27":{"start":{"line":62,"column":27},"end":{"line":64,"column":3}},"28":{"start":{"line":63,"column":4},"end":{"line":63,"column":35}},"29":{"start":{"line":66,"column":2},"end":{"line":82,"column":4}},"30":{"start":{"line":85,"column":15},"end":{"line":105,"column":2}}},"fnMap":{"0":{"name":"(anonymous_0)","decl":{"start":{"line":8,"column":21},"end":{"line":8,"column":22}},"loc":{"start":{"line":8,"column":40},"end":{"line":24,"column":1}},"line":8},"1":{"name":"(anonymous_1)","decl":{"start":{"line":26,"column":14},"end":{"line":26,"column":15}},"loc":{"start":{"line":26,"column":23},"end":{"line":83,"column":1}},"line":26},"2":{"name":"(anonymous_2)","decl":{"start":{"line":35,"column":12},"end":{"line":35,"column":13}},"loc":{"start":{"line":35,"column":18},"end":{"line":39,"column":3}},"line":35},"3":{"name":"(anonymous_3)","decl":{"start":{"line":41,"column":28},"end":{"line":41,"column":29}},"loc":{"start":{"line":41,"column":36},"end":{"line":60,"column":3}},"line":41},"4":{"name":"(anonymous_4)","decl":{"start":{"line":62,"column":27},"end":{"line":62,"column":28}},"loc":{"start":{"line":62,"column":33},"end":{"line":64,"column":3}},"line":62}},"branchMap":{"0":{"loc":{"start":{"line":9,"column":2},"end":{"line":23,"column":3}},"type":"switch","locations":[{"start":{"line":10,"column":4},"end":{"line":15,"column":8}},{"start":{"line":16,"column":4},"end":{"line":20,"column":8}},{"start":{"line":21,"column":4},"end":{"line":22,"column":19}}],"line":9},"1":{"loc":{"start":{"line":28,"column":11},"end":{"line":28,"column":55}},"type":"cond-expr","locations":[{"start":{"line":28,"column":32},"end":{"line":28,"column":50}},{"start":{"line":28,"column":53},"end":{"line":28,"column":55}}],"line":28},"2":{"loc":{"start":{"line":36,"column":4},"end":{"line":38,"column":5}},"type":"if","locations":[{"start":{"line":36,"column":4},"end":{"line":38,"column":5}},{"start":{"line":36,"column":4},"end":{"line":38,"column":5}}],"line":36},"3":{"loc":{"start":{"line":44,"column":4},"end":{"line":46,"column":5}},"type":"if","locations":[{"start":{"line":44,"column":4},"end":{"line":46,"column":5}},{"start":{"line":44,"column":4},"end":{"line":46,"column":5}}],"line":44},"4":{"loc":{"start":{"line":44,"column":8},"end":{"line":44,"column":50}},"type":"binary-expr","locations":[{"start":{"line":44,"column":8},"end":{"line":44,"column":22}},{"start":{"line":44,"column":26},"end":{"line":44,"column":50}}],"line":44},"5":{"loc":{"start":{"line":47,"column":4},"end":{"line":49,"column":5}},"type":"if","locations":[{"start":{"line":47,"column":4},"end":{"line":49,"column":5}},{"start":{"line":47,"column":4},"end":{"line":49,"column":5}}],"line":47},"6":{"loc":{"start":{"line":47,"column":8},"end":{"line":47,"column":59}},"type":"binary-expr","locations":[{"start":{"line":47,"column":8},"end":{"line":47,"column":19}},{"start":{"line":47,"column":23},"end":{"line":47,"column":59}}],"line":47},"7":{"loc":{"start":{"line":50,"column":4},"end":{"line":52,"column":5}},"type":"if","locations":[{"start":{"line":50,"column":4},"end":{"line":52,"column":5}},{"start":{"line":50,"column":4},"end":{"line":52,"column":5}}],"line":50},"8":{"loc":{"start":{"line":50,"column":8},"end":{"line":50,"column":46}},"type":"binary-expr","locations":[{"start":{"line":50,"column":8},"end":{"line":50,"column":25}},{"start":{"line":50,"column":29},"end":{"line":50,"column":46}}],"line":50},"9":{"loc":{"start":{"line":53,"column":4},"end":{"line":55,"column":5}},"type":"if","locations":[{"start":{"line":53,"column":4},"end":{"line":55,"column":5}},{"start":{"line":53,"column":4},"end":{"line":55,"column":5}}],"line":53},"10":{"loc":{"start":{"line":53,"column":8},"end":{"line":53,"column":46}},"type":"binary-expr","locations":[{"start":{"line":53,"column":8},"end":{"line":53,"column":25}},{"start":{"line":53,"column":29},"end":{"line":53,"column":46}}],"line":53},"11":{"loc":{"start":{"line":56,"column":4},"end":{"line":58,"column":5}},"type":"if","locations":[{"start":{"line":56,"column":4},"end":{"line":58,"column":5}},{"start":{"line":56,"column":4},"end":{"line":58,"column":5}}],"line":56},"12":{"loc":{"start":{"line":56,"column":8},"end":{"line":56,"column":64}},"type":"binary-expr","locations":[{"start":{"line":56,"column":8},"end":{"line":56,"column":31}},{"start":{"line":56,"column":35},"end":{"line":56,"column":64}}],"line":56},"13":{"loc":{"start":{"line":76,"column":7},"end":{"line":80,"column":7}},"type":"binary-expr","locations":[{"start":{"line":76,"column":7},"end":{"line":76,"column":26}},{"start":{"line":76,"column":30},"end":{"line":76,"column":48}},{"start":{"line":77,"column":8},"end":{"line":79,"column":15}}],"line":76}},"s":{"0":1,"1":1,"2":1,"3":0,"4":0,"5":0,"6":0,"7":1,"8":0,"9":0,"10":0,"11":0,"12":0,"13":0,"14":0,"15":0,"16":0,"17":0,"18":0,"19":0,"20":0,"21":0,"22":0,"23":0,"24":0,"25":0,"26":0,"27":0,"28":0,"29":0,"30":1},"f":{"0":0,"1":0,"2":0,"3":0,"4":0},"b":{"0":[0,0,0],"1":[0,0],"2":[0,0],"3":[0,0],"4":[0,0],"5":[0,0],"6":[0,0],"7":[0,0],"8":[0,0],"9":[0,0],"10":[0,0],"11":[0,0],"12":[0,0],"13":[0,0,0]},"_coverageSchema":"1a1c01bbd47fc00a2c39e90264f33305004495a9","hash":"3d6c0e0cbe2878ca25643df933317306f740ca6c"}
,"C:\\Users\\עידן\\Documents\\GitHub\\ScruMaster\\constants\\Colors.js": {"path":"C:\\Users\\עידן\\Documents\\GitHub\\ScruMaster\\constants\\Colors.js","statementMap":{},"fnMap":{},"branchMap":{},"s":{},"f":{},"b":{},"_coverageSchema":"1a1c01bbd47fc00a2c39e90264f33305004495a9","hash":"d47878840a586ce0b47b76bd58947135362a6629"}
,"C:\\Users\\עידן\\Documents\\GitHub\\ScruMaster\\models\\project.js": {"path":"C:\\Users\\עידן\\Documents\\GitHub\\ScruMaster\\models\\project.js","statementMap":{"0":{"start":{"line":3,"column":8},"end":{"line":3,"column":35}},"1":{"start":{"line":4,"column":8},"end":{"line":4,"column":29}},"2":{"start":{"line":5,"column":8},"end":{"line":5,"column":27}}},"fnMap":{"0":{"name":"(anonymous_0)","decl":{"start":{"line":2,"column":4},"end":{"line":2,"column":5}},"loc":{"start":{"line":2,"column":41},"end":{"line":6,"column":5}},"line":2}},"branchMap":{},"s":{"0":0,"1":0,"2":0},"f":{"0":0},"b":{},"_coverageSchema":"1a1c01bbd47fc00a2c39e90264f33305004495a9","hash":"936dfec10c85571ddbe5007a3780935bc2b9715b"}
,"C:\\Users\\עידן\\Documents\\GitHub\\ScruMaster\\models\\sprint.js": {"path":"C:\\Users\\עידן\\Documents\\GitHub\\ScruMaster\\models\\sprint.js","statementMap":{"0":{"start":{"line":3,"column":8},"end":{"line":3,"column":33}},"1":{"start":{"line":4,"column":8},"end":{"line":4,"column":35}},"2":{"start":{"line":5,"column":8},"end":{"line":5,"column":29}},"3":{"start":{"line":6,"column":8},"end":{"line":6,"column":25}}},"fnMap":{"0":{"name":"(anonymous_0)","decl":{"start":{"line":2,"column":4},"end":{"line":2,"column":5}},"loc":{"start":{"line":2,"column":48},"end":{"line":7,"column":5}},"line":2}},"branchMap":{},"s":{"0":0,"1":0,"2":0,"3":0},"f":{"0":0},"b":{},"_coverageSchema":"1a1c01bbd47fc00a2c39e90264f33305004495a9","hash":"4f6b2f695bd172834cdc0932f718b6b34474b35a"}
,"C:\\Users\\עידן\\Documents\\GitHub\\ScruMaster\\models\\task.js": {"path":"C:\\Users\\עידן\\Documents\\GitHub\\ScruMaster\\models\\task.js","statementMap":{"0":{"start":{"line":3,"column":8},"end":{"line":3,"column":29}},"1":{"start":{"line":4,"column":8},"end":{"line":4,"column":33}},"2":{"start":{"line":5,"column":8},"end":{"line":5,"column":27}},"3":{"start":{"line":6,"column":8},"end":{"line":6,"column":39}},"4":{"start":{"line":7,"column":8},"end":{"line":7,"column":33}},"5":{"start":{"line":8,"column":8},"end":{"line":8,"column":27}},"6":{"start":{"line":9,"column":8},"end":{"line":9,"column":23}}},"fnMap":{"0":{"name":"(anonymous_0)","decl":{"start":{"line":2,"column":4},"end":{"line":2,"column":5}},"loc":{"start":{"line":2,"column":70},"end":{"line":11,"column":5}},"line":2}},"branchMap":{},"s":{"0":0,"1":0,"2":0,"3":0,"4":0,"5":0,"6":0},"f":{"0":0},"b":{},"_coverageSchema":"1a1c01bbd47fc00a2c39e90264f33305004495a9","hash":"4eb6b8fcd75e0ea5e0c07a56605dbccd14bc1aa4"}
,"C:\\Users\\עידן\\Documents\\GitHub\\ScruMaster\\navigation\\AppNavigator.js": {"path":"C:\\Users\\עידן\\Documents\\GitHub\\ScruMaster\\navigation\\AppNavigator.js","statementMap":{"0":{"start":{"line":26,"column":26},"end":{"line":31,"column":1}},"1":{"start":{"line":35,"column":22},"end":{"line":39,"column":2}},"2":{"start":{"line":56,"column":25},"end":{"line":60,"column":2}},"3":{"start":{"line":63,"column":26},"end":{"line":73,"column":2}},"4":{"start":{"line":76,"column":24},"end":{"line":80,"column":2}},"5":{"start":{"line":82,"column":21},"end":{"line":93,"column":2}},"6":{"start":{"line":95,"column":23},"end":{"line":99,"column":2}},"7":{"start":{"line":102,"column":22},"end":{"line":105,"column":2}}},"fnMap":{},"branchMap":{"0":{"loc":{"start":{"line":28,"column":25},"end":{"line":28,"column":70}},"type":"cond-expr","locations":[{"start":{"line":28,"column":53},"end":{"line":28,"column":65}},{"start":{"line":28,"column":68},"end":{"line":28,"column":70}}],"line":28},"1":{"loc":{"start":{"line":30,"column":25},"end":{"line":30,"column":84}},"type":"cond-expr","locations":[{"start":{"line":30,"column":53},"end":{"line":30,"column":67}},{"start":{"line":30,"column":70},"end":{"line":30,"column":84}}],"line":30}},"s":{"0":1,"1":1,"2":1,"3":1,"4":1,"5":1,"6":1,"7":1},"f":{},"b":{"0":[0,1],"1":[0,1]},"_coverageSchema":"1a1c01bbd47fc00a2c39e90264f33305004495a9","hash":"5cb4e1bbfd62ca70185a13e58a88a506e17bdead"}
,"C:\\Users\\עידן\\Documents\\GitHub\\ScruMaster\\screens\\HomeScreen.js": {"path":"C:\\Users\\עידן\\Documents\\GitHub\\ScruMaster\\screens\\HomeScreen.js","statementMap":{"0":{"start":{"line":4,"column":19},"end":{"line":11,"column":1}},"1":{"start":{"line":6,"column":0},"end":{"line":10,"column":6}},"2":{"start":{"line":13,"column":16},"end":{"line":20,"column":1}}},"fnMap":{"0":{"name":"(anonymous_0)","decl":{"start":{"line":4,"column":19},"end":{"line":4,"column":20}},"loc":{"start":{"line":4,"column":30},"end":{"line":11,"column":1}},"line":4}},"branchMap":{},"s":{"0":1,"1":0,"2":1},"f":{"0":0},"b":{},"_coverageSchema":"1a1c01bbd47fc00a2c39e90264f33305004495a9","hash":"b4c722f2460b8fb7cead9ce2abb3566d81487d7a"}
,"C:\\Users\\עידן\\Documents\\GitHub\\ScruMaster\\screens\\LoginScreen.js": {"path":"C:\\Users\\עידן\\Documents\\GitHub\\ScruMaster\\screens\\LoginScreen.js","statementMap":{"0":{"start":{"line":11,"column":26},"end":{"line":11,"column":45}},"1":{"start":{"line":13,"column":20},"end":{"line":34,"column":1}},"2":{"start":{"line":14,"column":2},"end":{"line":32,"column":3}},"3":{"start":{"line":15,"column":26},"end":{"line":18,"column":5}},"4":{"start":{"line":19,"column":30},"end":{"line":22,"column":5}},"5":{"start":{"line":23,"column":29},"end":{"line":23,"column":33}},"6":{"start":{"line":24,"column":4},"end":{"line":26,"column":5}},"7":{"start":{"line":25,"column":6},"end":{"line":25,"column":72}},"8":{"start":{"line":27,"column":4},"end":{"line":31,"column":6}},"9":{"start":{"line":33,"column":2},"end":{"line":33,"column":15}},"10":{"start":{"line":37,"column":20},"end":{"line":158,"column":1}},"11":{"start":{"line":38,"column":19},"end":{"line":38,"column":32}},"12":{"start":{"line":39,"column":36},"end":{"line":39,"column":51}},"13":{"start":{"line":40,"column":28},"end":{"line":40,"column":38}},"14":{"start":{"line":41,"column":34},"end":{"line":41,"column":49}},"15":{"start":{"line":43,"column":41},"end":{"line":53,"column":4}},"16":{"start":{"line":55,"column":22},"end":{"line":77,"column":3}},"17":{"start":{"line":57,"column":4},"end":{"line":67,"column":5}},"18":{"start":{"line":58,"column":6},"end":{"line":61,"column":8}},"19":{"start":{"line":63,"column":6},"end":{"line":66,"column":8}},"20":{"start":{"line":68,"column":4},"end":{"line":68,"column":19}},"21":{"start":{"line":69,"column":4},"end":{"line":69,"column":23}},"22":{"start":{"line":70,"column":4},"end":{"line":76,"column":5}},"23":{"start":{"line":71,"column":8},"end":{"line":71,"column":31}},"24":{"start":{"line":72,"column":8},"end":{"line":72,"column":42}},"25":{"start":{"line":74,"column":8},"end":{"line":74,"column":30}},"26":{"start":{"line":75,"column":8},"end":{"line":75,"column":28}},"27":{"start":{"line":78,"column":29},"end":{"line":88,"column":3}},"28":{"start":{"line":80,"column":6},"end":{"line":85,"column":9}},"29":{"start":{"line":90,"column":0},"end":{"line":96,"column":2}},"30":{"start":{"line":91,"column":4},"end":{"line":93,"column":5}},"31":{"start":{"line":92,"column":8},"end":{"line":92,"column":52}},"32":{"start":{"line":98,"column":0},"end":{"line":157,"column":6}},"33":{"start":{"line":148,"column":20},"end":{"line":148,"column":57}},"34":{"start":{"line":148,"column":45},"end":{"line":148,"column":55}},"35":{"start":{"line":161,"column":0},"end":{"line":163,"column":2}},"36":{"start":{"line":165,"column":16},"end":{"line":185,"column":1}}},"fnMap":{"0":{"name":"(anonymous_0)","decl":{"start":{"line":13,"column":20},"end":{"line":13,"column":21}},"loc":{"start":{"line":13,"column":39},"end":{"line":34,"column":1}},"line":13},"1":{"name":"(anonymous_1)","decl":{"start":{"line":37,"column":20},"end":{"line":37,"column":21}},"loc":{"start":{"line":37,"column":31},"end":{"line":158,"column":1}},"line":37},"2":{"name":"(anonymous_2)","decl":{"start":{"line":55,"column":22},"end":{"line":55,"column":23}},"loc":{"start":{"line":55,"column":34},"end":{"line":77,"column":3}},"line":55},"3":{"name":"(anonymous_3)","decl":{"start":{"line":79,"column":4},"end":{"line":79,"column":5}},"loc":{"start":{"line":79,"column":52},"end":{"line":86,"column":5}},"line":79},"4":{"name":"(anonymous_4)","decl":{"start":{"line":90,"column":10},"end":{"line":90,"column":11}},"loc":{"start":{"line":90,"column":16},"end":{"line":94,"column":1}},"line":90},"5":{"name":"(anonymous_5)","decl":{"start":{"line":147,"column":25},"end":{"line":147,"column":26}},"loc":{"start":{"line":147,"column":31},"end":{"line":149,"column":17}},"line":147},"6":{"name":"(anonymous_6)","decl":{"start":{"line":148,"column":32},"end":{"line":148,"column":33}},"loc":{"start":{"line":148,"column":45},"end":{"line":148,"column":55}},"line":148}},"branchMap":{"0":{"loc":{"start":{"line":14,"column":2},"end":{"line":32,"column":3}},"type":"if","locations":[{"start":{"line":14,"column":2},"end":{"line":32,"column":3}},{"start":{"line":14,"column":2},"end":{"line":32,"column":3}}],"line":14},"1":{"loc":{"start":{"line":25,"column":27},"end":{"line":25,"column":71}},"type":"binary-expr","locations":[{"start":{"line":25,"column":27},"end":{"line":25,"column":45}},{"start":{"line":25,"column":49},"end":{"line":25,"column":71}}],"line":25},"2":{"loc":{"start":{"line":57,"column":4},"end":{"line":67,"column":5}},"type":"if","locations":[{"start":{"line":57,"column":4},"end":{"line":67,"column":5}},{"start":{"line":57,"column":4},"end":{"line":67,"column":5}}],"line":57},"3":{"loc":{"start":{"line":91,"column":4},"end":{"line":93,"column":5}},"type":"if","locations":[{"start":{"line":91,"column":4},"end":{"line":93,"column":5}},{"start":{"line":91,"column":4},"end":{"line":93,"column":5}}],"line":91},"4":{"loc":{"start":{"line":131,"column":15},"end":{"line":139,"column":15}},"type":"cond-expr","locations":[{"start":{"line":132,"column":18},"end":{"line":132,"column":74}},{"start":{"line":134,"column":18},"end":{"line":138,"column":19}}],"line":131},"5":{"loc":{"start":{"line":135,"column":28},"end":{"line":135,"column":58}},"type":"cond-expr","locations":[{"start":{"line":135,"column":39},"end":{"line":135,"column":48}},{"start":{"line":135,"column":51},"end":{"line":135,"column":58}}],"line":135},"6":{"loc":{"start":{"line":145,"column":36},"end":{"line":145,"column":66}},"type":"cond-expr","locations":[{"start":{"line":145,"column":47},"end":{"line":145,"column":54}},{"start":{"line":145,"column":57},"end":{"line":145,"column":66}}],"line":145}},"s":{"0":1,"1":1,"2":0,"3":0,"4":0,"5":0,"6":0,"7":0,"8":0,"9":0,"10":1,"11":0,"12":0,"13":0,"14":0,"15":0,"16":0,"17":0,"18":0,"19":0,"20":0,"21":0,"22":0,"23":0,"24":0,"25":0,"26":0,"27":0,"28":0,"29":0,"30":0,"31":0,"32":0,"33":0,"34":0,"35":1,"36":1},"f":{"0":0,"1":0,"2":0,"3":0,"4":0,"5":0,"6":0},"b":{"0":[0,0],"1":[0,0],"2":[0,0],"3":[0,0],"4":[0,0],"5":[0,0],"6":[0,0]},"_coverageSchema":"1a1c01bbd47fc00a2c39e90264f33305004495a9","hash":"54d6ff8eeff105a07acf60bdd2448b892482f751"}
,"C:\\Users\\עידן\\Documents\\GitHub\\ScruMaster\\screens\\LogoutScreen.js": {"path":"C:\\Users\\עידן\\Documents\\GitHub\\ScruMaster\\screens\\LogoutScreen.js","statementMap":{"0":{"start":{"line":4,"column":21},"end":{"line":13,"column":1}},"1":{"start":{"line":6,"column":0},"end":{"line":8,"column":8}},"2":{"start":{"line":7,"column":4},"end":{"line":7,"column":39}},"3":{"start":{"line":10,"column":0},"end":{"line":12,"column":6}},"4":{"start":{"line":15,"column":16},"end":{"line":22,"column":1}}},"fnMap":{"0":{"name":"(anonymous_0)","decl":{"start":{"line":4,"column":21},"end":{"line":4,"column":22}},"loc":{"start":{"line":4,"column":32},"end":{"line":13,"column":1}},"line":4},"1":{"name":"(anonymous_1)","decl":{"start":{"line":6,"column":10},"end":{"line":6,"column":11}},"loc":{"start":{"line":6,"column":16},"end":{"line":8,"column":5}},"line":6}},"branchMap":{},"s":{"0":1,"1":0,"2":0,"3":0,"4":1},"f":{"0":0,"1":0},"b":{},"_coverageSchema":"1a1c01bbd47fc00a2c39e90264f33305004495a9","hash":"197a82d0437cb7b4a8be3e8bb52661afa2324dff"}
,"C:\\Users\\עידן\\Documents\\GitHub\\ScruMaster\\screens\\ProfileScreen.js": {"path":"C:\\Users\\עידן\\Documents\\GitHub\\ScruMaster\\screens\\ProfileScreen.js","statementMap":{"0":{"start":{"line":7,"column":22},"end":{"line":14,"column":1}},"1":{"start":{"line":9,"column":0},"end":{"line":13,"column":6}},"2":{"start":{"line":17,"column":0},"end":{"line":32,"column":2}},"3":{"start":{"line":18,"column":2},"end":{"line":31,"column":3}},"4":{"start":{"line":26,"column":6},"end":{"line":26,"column":40}},"5":{"start":{"line":35,"column":16},"end":{"line":42,"column":1}}},"fnMap":{"0":{"name":"(anonymous_0)","decl":{"start":{"line":7,"column":22},"end":{"line":7,"column":23}},"loc":{"start":{"line":7,"column":33},"end":{"line":14,"column":1}},"line":7},"1":{"name":"(anonymous_1)","decl":{"start":{"line":17,"column":34},"end":{"line":17,"column":35}},"loc":{"start":{"line":17,"column":45},"end":{"line":32,"column":1}},"line":17},"2":{"name":"(anonymous_2)","decl":{"start":{"line":25,"column":15},"end":{"line":25,"column":16}},"loc":{"start":{"line":25,"column":21},"end":{"line":27,"column":7}},"line":25}},"branchMap":{"0":{"loc":{"start":{"line":24,"column":16},"end":{"line":24,"column":66}},"type":"cond-expr","locations":[{"start":{"line":24,"column":44},"end":{"line":24,"column":53}},{"start":{"line":24,"column":56},"end":{"line":24,"column":66}}],"line":24}},"s":{"0":1,"1":0,"2":1,"3":0,"4":0,"5":1},"f":{"0":0,"1":0,"2":0},"b":{"0":[0,0]},"_coverageSchema":"1a1c01bbd47fc00a2c39e90264f33305004495a9","hash":"0a5b4d781af521e146bc028bf12be65e9c896e57"}
,"C:\\Users\\עידן\\Documents\\GitHub\\ScruMaster\\screens\\ProjectsScreen.js": {"path":"C:\\Users\\עידן\\Documents\\GitHub\\ScruMaster\\screens\\ProjectsScreen.js","statementMap":{"0":{"start":{"line":11,"column":23},"end":{"line":57,"column":1}},"1":{"start":{"line":12,"column":20},"end":{"line":12,"column":33}},"2":{"start":{"line":13,"column":20},"end":{"line":13,"column":74}},"3":{"start":{"line":13,"column":41},"end":{"line":13,"column":73}},"4":{"start":{"line":15,"column":3},"end":{"line":17,"column":18}},"5":{"start":{"line":16,"column":5},"end":{"line":16,"column":46}},"6":{"start":{"line":20,"column":3},"end":{"line":29,"column":3}},"7":{"start":{"line":21,"column":4},"end":{"line":28,"column":6}},"8":{"start":{"line":31,"column":3},"end":{"line":56,"column":4}},"9":{"start":{"line":35,"column":28},"end":{"line":35,"column":42}},"10":{"start":{"line":37,"column":8},"end":{"line":51,"column":10}},"11":{"start":{"line":40,"column":12},"end":{"line":40,"column":87}},"12":{"start":{"line":43,"column":12},"end":{"line":43,"column":88}},"13":{"start":{"line":46,"column":12},"end":{"line":46,"column":91}},"14":{"start":{"line":49,"column":12},"end":{"line":49,"column":76}},"15":{"start":{"line":59,"column":0},"end":{"line":88,"column":2}},"16":{"start":{"line":60,"column":2},"end":{"line":87,"column":3}},"17":{"start":{"line":70,"column":10},"end":{"line":70,"column":52}},"18":{"start":{"line":81,"column":6},"end":{"line":81,"column":40}},"19":{"start":{"line":90,"column":15},"end":{"line":98,"column":1}}},"fnMap":{"0":{"name":"(anonymous_0)","decl":{"start":{"line":11,"column":23},"end":{"line":11,"column":24}},"loc":{"start":{"line":11,"column":34},"end":{"line":57,"column":1}},"line":11},"1":{"name":"(anonymous_1)","decl":{"start":{"line":13,"column":32},"end":{"line":13,"column":33}},"loc":{"start":{"line":13,"column":41},"end":{"line":13,"column":73}},"line":13},"2":{"name":"(anonymous_2)","decl":{"start":{"line":15,"column":13},"end":{"line":15,"column":14}},"loc":{"start":{"line":15,"column":19},"end":{"line":17,"column":4}},"line":15},"3":{"name":"(anonymous_3)","decl":{"start":{"line":35,"column":20},"end":{"line":35,"column":21}},"loc":{"start":{"line":35,"column":28},"end":{"line":35,"column":42}},"line":35},"4":{"name":"(anonymous_4)","decl":{"start":{"line":36,"column":18},"end":{"line":36,"column":19}},"loc":{"start":{"line":37,"column":8},"end":{"line":51,"column":10}},"line":37},"5":{"name":"(anonymous_5)","decl":{"start":{"line":39,"column":24},"end":{"line":39,"column":25}},"loc":{"start":{"line":39,"column":30},"end":{"line":41,"column":11}},"line":39},"6":{"name":"(anonymous_6)","decl":{"start":{"line":42,"column":22},"end":{"line":42,"column":23}},"loc":{"start":{"line":42,"column":28},"end":{"line":44,"column":11}},"line":42},"7":{"name":"(anonymous_7)","decl":{"start":{"line":45,"column":25},"end":{"line":45,"column":26}},"loc":{"start":{"line":45,"column":31},"end":{"line":47,"column":11}},"line":45},"8":{"name":"(anonymous_8)","decl":{"start":{"line":48,"column":20},"end":{"line":48,"column":21}},"loc":{"start":{"line":48,"column":26},"end":{"line":50,"column":11}},"line":48},"9":{"name":"(anonymous_9)","decl":{"start":{"line":59,"column":35},"end":{"line":59,"column":36}},"loc":{"start":{"line":59,"column":46},"end":{"line":88,"column":1}},"line":59},"10":{"name":"(anonymous_10)","decl":{"start":{"line":69,"column":17},"end":{"line":69,"column":18}},"loc":{"start":{"line":69,"column":23},"end":{"line":71,"column":11}},"line":69},"11":{"name":"(anonymous_11)","decl":{"start":{"line":80,"column":15},"end":{"line":80,"column":16}},"loc":{"start":{"line":80,"column":21},"end":{"line":82,"column":7}},"line":80}},"branchMap":{"0":{"loc":{"start":{"line":20,"column":3},"end":{"line":29,"column":3}},"type":"if","locations":[{"start":{"line":20,"column":3},"end":{"line":29,"column":3}},{"start":{"line":20,"column":3},"end":{"line":29,"column":3}}],"line":20},"1":{"loc":{"start":{"line":67,"column":10},"end":{"line":67,"column":58}},"type":"cond-expr","locations":[{"start":{"line":67,"column":38},"end":{"line":67,"column":46}},{"start":{"line":67,"column":49},"end":{"line":67,"column":58}}],"line":67},"2":{"loc":{"start":{"line":79,"column":16},"end":{"line":79,"column":66}},"type":"cond-expr","locations":[{"start":{"line":79,"column":44},"end":{"line":79,"column":53}},{"start":{"line":79,"column":56},"end":{"line":79,"column":66}}],"line":79}},"s":{"0":1,"1":0,"2":0,"3":0,"4":0,"5":0,"6":0,"7":0,"8":0,"9":0,"10":0,"11":0,"12":0,"13":0,"14":0,"15":1,"16":0,"17":0,"18":0,"19":1},"f":{"0":0,"1":0,"2":0,"3":0,"4":0,"5":0,"6":0,"7":0,"8":0,"9":0,"10":0,"11":0},"b":{"0":[0,0],"1":[0,0],"2":[0,0]},"_coverageSchema":"1a1c01bbd47fc00a2c39e90264f33305004495a9","hash":"f5dec13fae7c15eec93f5fc0ee06c56fca86b2f6"}
,"C:\\Users\\עידן\\Documents\\GitHub\\ScruMaster\\screens\\TaskDetailsScreen.js": {"path":"C:\\Users\\עידן\\Documents\\GitHub\\ScruMaster\\screens\\TaskDetailsScreen.js","statementMap":{"0":{"start":{"line":8,"column":26},"end":{"line":28,"column":1}},"1":{"start":{"line":9,"column":19},"end":{"line":9,"column":54}},"2":{"start":{"line":10,"column":17},"end":{"line":10,"column":102}},"3":{"start":{"line":10,"column":38},"end":{"line":10,"column":101}},"4":{"start":{"line":10,"column":78},"end":{"line":10,"column":100}},"5":{"start":{"line":12,"column":0},"end":{"line":27,"column":6}},"6":{"start":{"line":30,"column":0},"end":{"line":34,"column":2}},"7":{"start":{"line":31,"column":2},"end":{"line":33,"column":3}},"8":{"start":{"line":36,"column":15},"end":{"line":83,"column":2}}},"fnMap":{"0":{"name":"(anonymous_0)","decl":{"start":{"line":8,"column":26},"end":{"line":8,"column":27}},"loc":{"start":{"line":8,"column":37},"end":{"line":28,"column":1}},"line":8},"1":{"name":"(anonymous_1)","decl":{"start":{"line":10,"column":29},"end":{"line":10,"column":30}},"loc":{"start":{"line":10,"column":38},"end":{"line":10,"column":101}},"line":10},"2":{"name":"(anonymous_2)","decl":{"start":{"line":10,"column":70},"end":{"line":10,"column":71}},"loc":{"start":{"line":10,"column":78},"end":{"line":10,"column":100}},"line":10},"3":{"name":"(anonymous_3)","decl":{"start":{"line":30,"column":38},"end":{"line":30,"column":39}},"loc":{"start":{"line":30,"column":49},"end":{"line":34,"column":1}},"line":30}},"branchMap":{},"s":{"0":1,"1":0,"2":0,"3":0,"4":0,"5":0,"6":1,"7":0,"8":1},"f":{"0":0,"1":0,"2":0,"3":0},"b":{},"_coverageSchema":"1a1c01bbd47fc00a2c39e90264f33305004495a9","hash":"f9c1d1e63b6879493d7fb73c095501c92307c55d"}
,"C:\\Users\\עידן\\Documents\\GitHub\\ScruMaster\\screens\\TasksScreen.js": {"path":"C:\\Users\\עידן\\Documents\\GitHub\\ScruMaster\\screens\\TasksScreen.js","statementMap":{"0":{"start":{"line":12,"column":20},"end":{"line":67,"column":1}},"1":{"start":{"line":13,"column":20},"end":{"line":13,"column":33}},"2":{"start":{"line":14,"column":20},"end":{"line":14,"column":57}},"3":{"start":{"line":15,"column":17},"end":{"line":15,"column":108}},"4":{"start":{"line":15,"column":38},"end":{"line":15,"column":107}},"5":{"start":{"line":15,"column":80},"end":{"line":15,"column":106}},"6":{"start":{"line":17,"column":22},"end":{"line":19,"column":8}},"7":{"start":{"line":18,"column":4},"end":{"line":18,"column":63}},"8":{"start":{"line":21,"column":2},"end":{"line":23,"column":17}},"9":{"start":{"line":22,"column":4},"end":{"line":22,"column":39}},"10":{"start":{"line":25,"column":2},"end":{"line":28,"column":29}},"11":{"start":{"line":26,"column":4},"end":{"line":26,"column":39}},"12":{"start":{"line":27,"column":4},"end":{"line":27,"column":52}},"13":{"start":{"line":30,"column":2},"end":{"line":39,"column":3}},"14":{"start":{"line":32,"column":4},"end":{"line":38,"column":6}},"15":{"start":{"line":41,"column":3},"end":{"line":66,"column":4}},"16":{"start":{"line":45,"column":30},"end":{"line":45,"column":41}},"17":{"start":{"line":47,"column":10},"end":{"line":61,"column":12}},"18":{"start":{"line":50,"column":14},"end":{"line":50,"column":87}},"19":{"start":{"line":53,"column":14},"end":{"line":53,"column":87}},"20":{"start":{"line":56,"column":14},"end":{"line":56,"column":90}},"21":{"start":{"line":59,"column":14},"end":{"line":59,"column":69}},"22":{"start":{"line":69,"column":0},"end":{"line":85,"column":2}},"23":{"start":{"line":70,"column":16},"end":{"line":70,"column":50}},"24":{"start":{"line":71,"column":2},"end":{"line":84,"column":3}},"25":{"start":{"line":87,"column":15},"end":{"line":95,"column":1}}},"fnMap":{"0":{"name":"(anonymous_0)","decl":{"start":{"line":12,"column":20},"end":{"line":12,"column":21}},"loc":{"start":{"line":12,"column":31},"end":{"line":67,"column":1}},"line":12},"1":{"name":"(anonymous_1)","decl":{"start":{"line":15,"column":29},"end":{"line":15,"column":30}},"loc":{"start":{"line":15,"column":38},"end":{"line":15,"column":107}},"line":15},"2":{"name":"(anonymous_2)","decl":{"start":{"line":15,"column":72},"end":{"line":15,"column":73}},"loc":{"start":{"line":15,"column":80},"end":{"line":15,"column":106}},"line":15},"3":{"name":"(anonymous_3)","decl":{"start":{"line":17,"column":34},"end":{"line":17,"column":35}},"loc":{"start":{"line":17,"column":40},"end":{"line":19,"column":3}},"line":17},"4":{"name":"(anonymous_4)","decl":{"start":{"line":21,"column":12},"end":{"line":21,"column":13}},"loc":{"start":{"line":21,"column":18},"end":{"line":23,"column":3}},"line":21},"5":{"name":"(anonymous_5)","decl":{"start":{"line":25,"column":12},"end":{"line":25,"column":13}},"loc":{"start":{"line":25,"column":18},"end":{"line":28,"column":3}},"line":25},"6":{"name":"(anonymous_6)","decl":{"start":{"line":45,"column":22},"end":{"line":45,"column":23}},"loc":{"start":{"line":45,"column":30},"end":{"line":45,"column":41}},"line":45},"7":{"name":"(anonymous_7)","decl":{"start":{"line":46,"column":20},"end":{"line":46,"column":21}},"loc":{"start":{"line":47,"column":10},"end":{"line":61,"column":12}},"line":47},"8":{"name":"(anonymous_8)","decl":{"start":{"line":49,"column":26},"end":{"line":49,"column":27}},"loc":{"start":{"line":49,"column":32},"end":{"line":51,"column":13}},"line":49},"9":{"name":"(anonymous_9)","decl":{"start":{"line":52,"column":24},"end":{"line":52,"column":25}},"loc":{"start":{"line":52,"column":30},"end":{"line":54,"column":13}},"line":52},"10":{"name":"(anonymous_10)","decl":{"start":{"line":55,"column":27},"end":{"line":55,"column":28}},"loc":{"start":{"line":55,"column":33},"end":{"line":57,"column":13}},"line":55},"11":{"name":"(anonymous_11)","decl":{"start":{"line":58,"column":22},"end":{"line":58,"column":23}},"loc":{"start":{"line":58,"column":28},"end":{"line":60,"column":13}},"line":58},"12":{"name":"(anonymous_12)","decl":{"start":{"line":69,"column":32},"end":{"line":69,"column":33}},"loc":{"start":{"line":69,"column":43},"end":{"line":85,"column":1}},"line":69}},"branchMap":{"0":{"loc":{"start":{"line":30,"column":2},"end":{"line":39,"column":3}},"type":"if","locations":[{"start":{"line":30,"column":2},"end":{"line":39,"column":3}},{"start":{"line":30,"column":2},"end":{"line":39,"column":3}}],"line":30},"1":{"loc":{"start":{"line":78,"column":10},"end":{"line":78,"column":58}},"type":"cond-expr","locations":[{"start":{"line":78,"column":38},"end":{"line":78,"column":46}},{"start":{"line":78,"column":49},"end":{"line":78,"column":58}}],"line":78}},"s":{"0":1,"1":0,"2":0,"3":0,"4":0,"5":0,"6":0,"7":0,"8":0,"9":0,"10":0,"11":0,"12":0,"13":0,"14":0,"15":0,"16":0,"17":0,"18":0,"19":0,"20":0,"21":0,"22":1,"23":0,"24":0,"25":1},"f":{"0":0,"1":0,"2":0,"3":0,"4":0,"5":0,"6":0,"7":0,"8":0,"9":0,"10":0,"11":0,"12":0},"b":{"0":[0,0],"1":[0,0]},"_coverageSchema":"1a1c01bbd47fc00a2c39e90264f33305004495a9","hash":"4ef8848b68f1fefbbcc30722538b858abe47a578"}
,"C:\\Users\\עידן\\Documents\\GitHub\\ScruMaster\\screens\\add\\AddProjectScreen.js": {"path":"C:\\Users\\עידן\\Documents\\GitHub\\ScruMaster\\screens\\add\\AddProjectScreen.js","statementMap":{"0":{"start":{"line":8,"column":25},"end":{"line":37,"column":1}},"1":{"start":{"line":10,"column":17},"end":{"line":10,"column":30}},"2":{"start":{"line":11,"column":26},"end":{"line":11,"column":38}},"3":{"start":{"line":13,"column":22},"end":{"line":16,"column":20}},"4":{"start":{"line":14,"column":2},"end":{"line":14,"column":48}},"5":{"start":{"line":15,"column":2},"end":{"line":15,"column":28}},"6":{"start":{"line":18,"column":0},"end":{"line":20,"column":20}},"7":{"start":{"line":19,"column":2},"end":{"line":19,"column":56}},"8":{"start":{"line":23,"column":0},"end":{"line":36,"column":4}},"9":{"start":{"line":31,"column":36},"end":{"line":31,"column":50}},"10":{"start":{"line":39,"column":0},"end":{"line":49,"column":2}},"11":{"start":{"line":40,"column":19},"end":{"line":40,"column":56}},"12":{"start":{"line":41,"column":4},"end":{"line":48,"column":4}},"13":{"start":{"line":51,"column":16},"end":{"line":74,"column":4}}},"fnMap":{"0":{"name":"(anonymous_0)","decl":{"start":{"line":8,"column":25},"end":{"line":8,"column":26}},"loc":{"start":{"line":8,"column":36},"end":{"line":37,"column":1}},"line":8},"1":{"name":"(anonymous_1)","decl":{"start":{"line":13,"column":34},"end":{"line":13,"column":35}},"loc":{"start":{"line":13,"column":40},"end":{"line":16,"column":1}},"line":13},"2":{"name":"(anonymous_2)","decl":{"start":{"line":18,"column":10},"end":{"line":18,"column":11}},"loc":{"start":{"line":18,"column":16},"end":{"line":20,"column":1}},"line":18},"3":{"name":"(anonymous_3)","decl":{"start":{"line":31,"column":28},"end":{"line":31,"column":29}},"loc":{"start":{"line":31,"column":36},"end":{"line":31,"column":50}},"line":31},"4":{"name":"(anonymous_4)","decl":{"start":{"line":39,"column":37},"end":{"line":39,"column":38}},"loc":{"start":{"line":39,"column":48},"end":{"line":49,"column":1}},"line":39}},"branchMap":{},"s":{"0":1,"1":0,"2":0,"3":0,"4":0,"5":0,"6":0,"7":0,"8":0,"9":0,"10":1,"11":0,"12":0,"13":1},"f":{"0":0,"1":0,"2":0,"3":0,"4":0},"b":{},"_coverageSchema":"1a1c01bbd47fc00a2c39e90264f33305004495a9","hash":"6fd0cf3a7a8e4823a1f49d15ab871fd918c37899"}
,"C:\\Users\\עידן\\Documents\\GitHub\\ScruMaster\\screens\\add\\AddSprintScreen.js": {"path":"C:\\Users\\עידן\\Documents\\GitHub\\ScruMaster\\screens\\add\\AddSprintScreen.js","statementMap":{"0":{"start":{"line":8,"column":24},"end":{"line":47,"column":3}},"1":{"start":{"line":10,"column":17},"end":{"line":10,"column":30}},"2":{"start":{"line":11,"column":18},"end":{"line":11,"column":56}},"3":{"start":{"line":12,"column":28},"end":{"line":12,"column":40}},"4":{"start":{"line":13,"column":24},"end":{"line":13,"column":36}},"5":{"start":{"line":15,"column":22},"end":{"line":18,"column":38}},"6":{"start":{"line":16,"column":2},"end":{"line":16,"column":64}},"7":{"start":{"line":17,"column":2},"end":{"line":17,"column":28}},"8":{"start":{"line":20,"column":0},"end":{"line":22,"column":20}},"9":{"start":{"line":21,"column":2},"end":{"line":21,"column":56}},"10":{"start":{"line":25,"column":2},"end":{"line":46,"column":6}},"11":{"start":{"line":33,"column":38},"end":{"line":33,"column":53}},"12":{"start":{"line":41,"column":38},"end":{"line":41,"column":51}},"13":{"start":{"line":49,"column":0},"end":{"line":59,"column":2}},"14":{"start":{"line":50,"column":19},"end":{"line":50,"column":56}},"15":{"start":{"line":51,"column":4},"end":{"line":58,"column":4}},"16":{"start":{"line":61,"column":16},"end":{"line":84,"column":4}}},"fnMap":{"0":{"name":"(anonymous_0)","decl":{"start":{"line":8,"column":24},"end":{"line":8,"column":25}},"loc":{"start":{"line":8,"column":35},"end":{"line":47,"column":3}},"line":8},"1":{"name":"(anonymous_1)","decl":{"start":{"line":15,"column":34},"end":{"line":15,"column":35}},"loc":{"start":{"line":15,"column":40},"end":{"line":18,"column":1}},"line":15},"2":{"name":"(anonymous_2)","decl":{"start":{"line":20,"column":10},"end":{"line":20,"column":11}},"loc":{"start":{"line":20,"column":16},"end":{"line":22,"column":1}},"line":20},"3":{"name":"(anonymous_3)","decl":{"start":{"line":33,"column":30},"end":{"line":33,"column":31}},"loc":{"start":{"line":33,"column":38},"end":{"line":33,"column":53}},"line":33},"4":{"name":"(anonymous_4)","decl":{"start":{"line":41,"column":30},"end":{"line":41,"column":31}},"loc":{"start":{"line":41,"column":38},"end":{"line":41,"column":51}},"line":41},"5":{"name":"(anonymous_5)","decl":{"start":{"line":49,"column":36},"end":{"line":49,"column":37}},"loc":{"start":{"line":49,"column":47},"end":{"line":59,"column":1}},"line":49}},"branchMap":{},"s":{"0":1,"1":0,"2":0,"3":0,"4":0,"5":0,"6":0,"7":0,"8":0,"9":0,"10":0,"11":0,"12":0,"13":1,"14":0,"15":0,"16":1},"f":{"0":0,"1":0,"2":0,"3":0,"4":0,"5":0},"b":{},"_coverageSchema":"1a1c01bbd47fc00a2c39e90264f33305004495a9","hash":"feeed610310286798475c8f7669d9418a30bed82"}
,"C:\\Users\\עידן\\Documents\\GitHub\\ScruMaster\\screens\\add\\AddTaskScreen.js": {"path":"C:\\Users\\עידן\\Documents\\GitHub\\ScruMaster\\screens\\add\\AddTaskScreen.js","statementMap":{"0":{"start":{"line":8,"column":22},"end":{"line":57,"column":1}},"1":{"start":{"line":10,"column":19},"end":{"line":10,"column":32}},"2":{"start":{"line":11,"column":19},"end":{"line":11,"column":56}},"3":{"start":{"line":12,"column":28},"end":{"line":12,"column":40}},"4":{"start":{"line":13,"column":41},"end":{"line":13,"column":53}},"5":{"start":{"line":14,"column":35},"end":{"line":14,"column":47}},"6":{"start":{"line":16,"column":24},"end":{"line":19,"column":55}},"7":{"start":{"line":17,"column":4},"end":{"line":17,"column":75}},"8":{"start":{"line":18,"column":4},"end":{"line":18,"column":30}},"9":{"start":{"line":21,"column":2},"end":{"line":23,"column":22}},"10":{"start":{"line":22,"column":4},"end":{"line":22,"column":58}},"11":{"start":{"line":27,"column":0},"end":{"line":56,"column":4}},"12":{"start":{"line":35,"column":36},"end":{"line":35,"column":50}},"13":{"start":{"line":43,"column":36},"end":{"line":43,"column":56}},"14":{"start":{"line":51,"column":36},"end":{"line":51,"column":53}},"15":{"start":{"line":59,"column":0},"end":{"line":69,"column":2}},"16":{"start":{"line":60,"column":19},"end":{"line":60,"column":56}},"17":{"start":{"line":61,"column":4},"end":{"line":68,"column":4}},"18":{"start":{"line":71,"column":16},"end":{"line":94,"column":4}}},"fnMap":{"0":{"name":"(anonymous_0)","decl":{"start":{"line":8,"column":22},"end":{"line":8,"column":23}},"loc":{"start":{"line":8,"column":33},"end":{"line":57,"column":1}},"line":8},"1":{"name":"(anonymous_1)","decl":{"start":{"line":16,"column":36},"end":{"line":16,"column":37}},"loc":{"start":{"line":16,"column":42},"end":{"line":19,"column":3}},"line":16},"2":{"name":"(anonymous_2)","decl":{"start":{"line":21,"column":12},"end":{"line":21,"column":13}},"loc":{"start":{"line":21,"column":18},"end":{"line":23,"column":3}},"line":21},"3":{"name":"(anonymous_3)","decl":{"start":{"line":35,"column":28},"end":{"line":35,"column":29}},"loc":{"start":{"line":35,"column":36},"end":{"line":35,"column":50}},"line":35},"4":{"name":"(anonymous_4)","decl":{"start":{"line":43,"column":28},"end":{"line":43,"column":29}},"loc":{"start":{"line":43,"column":36},"end":{"line":43,"column":56}},"line":43},"5":{"name":"(anonymous_5)","decl":{"start":{"line":51,"column":28},"end":{"line":51,"column":29}},"loc":{"start":{"line":51,"column":36},"end":{"line":51,"column":53}},"line":51},"6":{"name":"(anonymous_6)","decl":{"start":{"line":59,"column":34},"end":{"line":59,"column":35}},"loc":{"start":{"line":59,"column":45},"end":{"line":69,"column":1}},"line":59}},"branchMap":{},"s":{"0":1,"1":0,"2":0,"3":0,"4":0,"5":0,"6":0,"7":0,"8":0,"9":0,"10":0,"11":0,"12":0,"13":0,"14":0,"15":1,"16":0,"17":0,"18":1},"f":{"0":0,"1":0,"2":0,"3":0,"4":0,"5":0,"6":0},"b":{},"_coverageSchema":"1a1c01bbd47fc00a2c39e90264f33305004495a9","hash":"23e72381fae223922845c499b5fe04f910b1be28"}
,"C:\\Users\\עידן\\Documents\\GitHub\\ScruMaster\\store\\action\\auth.js": {"path":"C:\\Users\\עידן\\Documents\\GitHub\\ScruMaster\\store\\action\\auth.js","statementMap":{"0":{"start":{"line":1,"column":22},"end":{"line":1,"column":30}},"1":{"start":{"line":2,"column":20},"end":{"line":2,"column":27}},"2":{"start":{"line":5,"column":22},"end":{"line":48,"column":5}},"3":{"start":{"line":6,"column":4},"end":{"line":47,"column":9}},"4":{"start":{"line":7,"column":27},"end":{"line":19,"column":11}},"5":{"start":{"line":21,"column":10},"end":{"line":29,"column":9}},"6":{"start":{"line":22,"column":33},"end":{"line":22,"column":54}},"7":{"start":{"line":23,"column":27},"end":{"line":23,"column":53}},"8":{"start":{"line":24,"column":26},"end":{"line":24,"column":47}},"9":{"start":{"line":25,"column":12},"end":{"line":27,"column":13}},"10":{"start":{"line":26,"column":16},"end":{"line":26,"column":55}},"11":{"start":{"line":28,"column":12},"end":{"line":28,"column":36}},"12":{"start":{"line":30,"column":26},"end":{"line":30,"column":47}},"13":{"start":{"line":31,"column":9},"end":{"line":45,"column":10}},"14":{"start":{"line":46,"column":8},"end":{"line":46,"column":84}},"15":{"start":{"line":51,"column":21},"end":{"line":82,"column":5}},"16":{"start":{"line":52,"column":4},"end":{"line":81,"column":6}},"17":{"start":{"line":53,"column":25},"end":{"line":66,"column":9}},"18":{"start":{"line":68,"column":8},"end":{"line":78,"column":9}},"19":{"start":{"line":69,"column":33},"end":{"line":69,"column":54}},"20":{"start":{"line":70,"column":27},"end":{"line":70,"column":53}},"21":{"start":{"line":71,"column":26},"end":{"line":71,"column":47}},"22":{"start":{"line":72,"column":12},"end":{"line":76,"column":13}},"23":{"start":{"line":73,"column":16},"end":{"line":73,"column":59}},"24":{"start":{"line":74,"column":19},"end":{"line":76,"column":13}},"25":{"start":{"line":75,"column":16},"end":{"line":75,"column":56}},"26":{"start":{"line":77,"column":12},"end":{"line":77,"column":36}},"27":{"start":{"line":79,"column":24},"end":{"line":79,"column":45}},"28":{"start":{"line":80,"column":8},"end":{"line":80,"column":83}}},"fnMap":{"0":{"name":"(anonymous_0)","decl":{"start":{"line":5,"column":22},"end":{"line":5,"column":23}},"loc":{"start":{"line":5,"column":43},"end":{"line":48,"column":5}},"line":5},"1":{"name":"(anonymous_1)","decl":{"start":{"line":6,"column":11},"end":{"line":6,"column":12}},"loc":{"start":{"line":6,"column":29},"end":{"line":47,"column":8}},"line":6},"2":{"name":"(anonymous_2)","decl":{"start":{"line":51,"column":21},"end":{"line":51,"column":22}},"loc":{"start":{"line":51,"column":42},"end":{"line":82,"column":5}},"line":51},"3":{"name":"(anonymous_3)","decl":{"start":{"line":52,"column":11},"end":{"line":52,"column":12}},"loc":{"start":{"line":52,"column":29},"end":{"line":81,"column":5}},"line":52}},"branchMap":{"0":{"loc":{"start":{"line":21,"column":10},"end":{"line":29,"column":9}},"type":"if","locations":[{"start":{"line":21,"column":10},"end":{"line":29,"column":9}},{"start":{"line":21,"column":10},"end":{"line":29,"column":9}}],"line":21},"1":{"loc":{"start":{"line":25,"column":12},"end":{"line":27,"column":13}},"type":"if","locations":[{"start":{"line":25,"column":12},"end":{"line":27,"column":13}},{"start":{"line":25,"column":12},"end":{"line":27,"column":13}}],"line":25},"2":{"loc":{"start":{"line":68,"column":8},"end":{"line":78,"column":9}},"type":"if","locations":[{"start":{"line":68,"column":8},"end":{"line":78,"column":9}},{"start":{"line":68,"column":8},"end":{"line":78,"column":9}}],"line":68},"3":{"loc":{"start":{"line":72,"column":12},"end":{"line":76,"column":13}},"type":"if","locations":[{"start":{"line":72,"column":12},"end":{"line":76,"column":13}},{"start":{"line":72,"column":12},"end":{"line":76,"column":13}}],"line":72},"4":{"loc":{"start":{"line":74,"column":19},"end":{"line":76,"column":13}},"type":"if","locations":[{"start":{"line":74,"column":19},"end":{"line":76,"column":13}},{"start":{"line":74,"column":19},"end":{"line":76,"column":13}}],"line":74}},"s":{"0":1,"1":1,"2":1,"3":0,"4":0,"5":0,"6":0,"7":0,"8":0,"9":0,"10":0,"11":0,"12":0,"13":0,"14":0,"15":1,"16":0,"17":0,"18":0,"19":0,"20":0,"21":0,"22":0,"23":0,"24":0,"25":0,"26":0,"27":0,"28":0},"f":{"0":0,"1":0,"2":0,"3":0},"b":{"0":[0,0],"1":[0,0],"2":[0,0],"3":[0,0],"4":[0,0]},"_coverageSchema":"1a1c01bbd47fc00a2c39e90264f33305004495a9","hash":"948efe027035ae301e4c00bb85ffb28df2e25046"}
,"C:\\Users\\עידן\\Documents\\GitHub\\ScruMaster\\store\\action\\projects.js": {"path":"C:\\Users\\עידן\\Documents\\GitHub\\ScruMaster\\store\\action\\projects.js","statementMap":{"0":{"start":{"line":3,"column":30},"end":{"line":3,"column":46}},"1":{"start":{"line":4,"column":30},"end":{"line":4,"column":46}},"2":{"start":{"line":5,"column":28},"end":{"line":5,"column":42}},"3":{"start":{"line":6,"column":31},"end":{"line":6,"column":48}},"4":{"start":{"line":10,"column":29},"end":{"line":26,"column":1}},"5":{"start":{"line":11,"column":4},"end":{"line":25,"column":6}},"6":{"start":{"line":12,"column":23},"end":{"line":12,"column":45}},"7":{"start":{"line":13,"column":26},"end":{"line":13,"column":126}},"8":{"start":{"line":14,"column":24},"end":{"line":14,"column":45}},"9":{"start":{"line":15,"column":31},"end":{"line":15,"column":33}},"10":{"start":{"line":16,"column":8},"end":{"line":23,"column":9}},"11":{"start":{"line":17,"column":12},"end":{"line":22,"column":14}},"12":{"start":{"line":24,"column":8},"end":{"line":24,"column":138}},"13":{"start":{"line":24,"column":109},"end":{"line":24,"column":132}},"14":{"start":{"line":29,"column":31},"end":{"line":44,"column":1}},"15":{"start":{"line":30,"column":4},"end":{"line":43,"column":6}},"16":{"start":{"line":31,"column":25},"end":{"line":31,"column":125}},"17":{"start":{"line":32,"column":24},"end":{"line":32,"column":45}},"18":{"start":{"line":33,"column":31},"end":{"line":33,"column":33}},"19":{"start":{"line":34,"column":8},"end":{"line":41,"column":9}},"20":{"start":{"line":35,"column":12},"end":{"line":40,"column":14}},"21":{"start":{"line":42,"column":8},"end":{"line":42,"column":140}},"22":{"start":{"line":42,"column":112},"end":{"line":42,"column":135}},"23":{"start":{"line":47,"column":29},"end":{"line":54,"column":1}},"24":{"start":{"line":48,"column":4},"end":{"line":53,"column":4}},"25":{"start":{"line":49,"column":9},"end":{"line":51,"column":11}},"26":{"start":{"line":52,"column":4},"end":{"line":52,"column":55}},"27":{"start":{"line":57,"column":29},"end":{"line":77,"column":1}},"28":{"start":{"line":58,"column":4},"end":{"line":76,"column":6}},"29":{"start":{"line":59,"column":23},"end":{"line":59,"column":45}},"30":{"start":{"line":60,"column":25},"end":{"line":69,"column":10}},"31":{"start":{"line":71,"column":24},"end":{"line":71,"column":45}},"32":{"start":{"line":73,"column":8},"end":{"line":75,"column":11}}},"fnMap":{"0":{"name":"(anonymous_0)","decl":{"start":{"line":10,"column":29},"end":{"line":10,"column":30}},"loc":{"start":{"line":10,"column":35},"end":{"line":26,"column":1}},"line":10},"1":{"name":"(anonymous_1)","decl":{"start":{"line":11,"column":11},"end":{"line":11,"column":12}},"loc":{"start":{"line":11,"column":41},"end":{"line":25,"column":5}},"line":11},"2":{"name":"(anonymous_2)","decl":{"start":{"line":24,"column":101},"end":{"line":24,"column":102}},"loc":{"start":{"line":24,"column":109},"end":{"line":24,"column":132}},"line":24},"3":{"name":"(anonymous_3)","decl":{"start":{"line":29,"column":31},"end":{"line":29,"column":32}},"loc":{"start":{"line":29,"column":43},"end":{"line":44,"column":1}},"line":29},"4":{"name":"(anonymous_4)","decl":{"start":{"line":30,"column":11},"end":{"line":30,"column":12}},"loc":{"start":{"line":30,"column":31},"end":{"line":43,"column":5}},"line":30},"5":{"name":"(anonymous_5)","decl":{"start":{"line":42,"column":104},"end":{"line":42,"column":105}},"loc":{"start":{"line":42,"column":112},"end":{"line":42,"column":135}},"line":42},"6":{"name":"(anonymous_6)","decl":{"start":{"line":47,"column":29},"end":{"line":47,"column":30}},"loc":{"start":{"line":47,"column":42},"end":{"line":54,"column":1}},"line":47},"7":{"name":"(anonymous_7)","decl":{"start":{"line":48,"column":11},"end":{"line":48,"column":12}},"loc":{"start":{"line":48,"column":29},"end":{"line":53,"column":3}},"line":48},"8":{"name":"(anonymous_8)","decl":{"start":{"line":57,"column":29},"end":{"line":57,"column":30}},"loc":{"start":{"line":57,"column":40},"end":{"line":77,"column":1}},"line":57},"9":{"name":"(anonymous_9)","decl":{"start":{"line":58,"column":11},"end":{"line":58,"column":12}},"loc":{"start":{"line":58,"column":40},"end":{"line":76,"column":5}},"line":58}},"branchMap":{},"s":{"0":1,"1":1,"2":1,"3":1,"4":1,"5":0,"6":0,"7":0,"8":0,"9":0,"10":0,"11":0,"12":0,"13":0,"14":1,"15":0,"16":0,"17":0,"18":0,"19":0,"20":0,"21":0,"22":0,"23":1,"24":0,"25":0,"26":0,"27":1,"28":0,"29":0,"30":0,"31":0,"32":0},"f":{"0":0,"1":0,"2":0,"3":0,"4":0,"5":0,"6":0,"7":0,"8":0,"9":0},"b":{},"_coverageSchema":"1a1c01bbd47fc00a2c39e90264f33305004495a9","hash":"4179f3f0b9491508b7c240a6b2a7c3455c37cdf6"}
,"C:\\Users\\עידן\\Documents\\GitHub\\ScruMaster\\store\\action\\sprints.js": {"path":"C:\\Users\\עידן\\Documents\\GitHub\\ScruMaster\\store\\action\\sprints.js","statementMap":{"0":{"start":{"line":4,"column":29},"end":{"line":4,"column":44}},"1":{"start":{"line":5,"column":29},"end":{"line":5,"column":44}},"2":{"start":{"line":6,"column":27},"end":{"line":6,"column":40}},"3":{"start":{"line":9,"column":28},"end":{"line":25,"column":1}},"4":{"start":{"line":10,"column":4},"end":{"line":24,"column":6}},"5":{"start":{"line":11,"column":25},"end":{"line":11,"column":124}},"6":{"start":{"line":12,"column":24},"end":{"line":12,"column":45}},"7":{"start":{"line":13,"column":30},"end":{"line":13,"column":32}},"8":{"start":{"line":14,"column":8},"end":{"line":22,"column":9}},"9":{"start":{"line":15,"column":12},"end":{"line":21,"column":14}},"10":{"start":{"line":23,"column":8},"end":{"line":23,"column":64}},"11":{"start":{"line":29,"column":28},"end":{"line":36,"column":2}},"12":{"start":{"line":30,"column":4},"end":{"line":35,"column":4}},"13":{"start":{"line":31,"column":8},"end":{"line":33,"column":11}},"14":{"start":{"line":34,"column":4},"end":{"line":34,"column":52}},"15":{"start":{"line":40,"column":28},"end":{"line":60,"column":1}},"16":{"start":{"line":41,"column":4},"end":{"line":59,"column":6}},"17":{"start":{"line":42,"column":25},"end":{"line":52,"column":10}},"18":{"start":{"line":54,"column":24},"end":{"line":54,"column":45}},"19":{"start":{"line":56,"column":8},"end":{"line":58,"column":11}}},"fnMap":{"0":{"name":"(anonymous_0)","decl":{"start":{"line":9,"column":28},"end":{"line":9,"column":29}},"loc":{"start":{"line":9,"column":34},"end":{"line":25,"column":1}},"line":9},"1":{"name":"(anonymous_1)","decl":{"start":{"line":10,"column":11},"end":{"line":10,"column":12}},"loc":{"start":{"line":10,"column":29},"end":{"line":24,"column":5}},"line":10},"2":{"name":"(anonymous_2)","decl":{"start":{"line":29,"column":28},"end":{"line":29,"column":29}},"loc":{"start":{"line":29,"column":40},"end":{"line":36,"column":2}},"line":29},"3":{"name":"(anonymous_3)","decl":{"start":{"line":30,"column":11},"end":{"line":30,"column":12}},"loc":{"start":{"line":30,"column":29},"end":{"line":35,"column":3}},"line":30},"4":{"name":"(anonymous_4)","decl":{"start":{"line":40,"column":28},"end":{"line":40,"column":29}},"loc":{"start":{"line":40,"column":57},"end":{"line":60,"column":1}},"line":40},"5":{"name":"(anonymous_5)","decl":{"start":{"line":41,"column":11},"end":{"line":41,"column":12}},"loc":{"start":{"line":41,"column":29},"end":{"line":59,"column":5}},"line":41}},"branchMap":{},"s":{"0":1,"1":1,"2":1,"3":1,"4":0,"5":0,"6":0,"7":0,"8":0,"9":0,"10":0,"11":1,"12":0,"13":0,"14":0,"15":1,"16":0,"17":0,"18":0,"19":0},"f":{"0":0,"1":0,"2":0,"3":0,"4":0,"5":0},"b":{},"_coverageSchema":"1a1c01bbd47fc00a2c39e90264f33305004495a9","hash":"8be68d934b2bd9ad9ca9ea1625c353983714286d"}
,"C:\\Users\\עידן\\Documents\\GitHub\\ScruMaster\\store\\action\\tasks.js": {"path":"C:\\Users\\עידן\\Documents\\GitHub\\ScruMaster\\store\\action\\tasks.js","statementMap":{"0":{"start":{"line":3,"column":27},"end":{"line":3,"column":40}},"1":{"start":{"line":4,"column":27},"end":{"line":4,"column":40}},"2":{"start":{"line":5,"column":25},"end":{"line":5,"column":36}},"3":{"start":{"line":8,"column":26},"end":{"line":26,"column":1}},"4":{"start":{"line":9,"column":4},"end":{"line":25,"column":6}},"5":{"start":{"line":10,"column":25},"end":{"line":10,"column":122}},"6":{"start":{"line":11,"column":24},"end":{"line":11,"column":45}},"7":{"start":{"line":12,"column":28},"end":{"line":12,"column":30}},"8":{"start":{"line":13,"column":8},"end":{"line":23,"column":9}},"9":{"start":{"line":14,"column":12},"end":{"line":22,"column":14}},"10":{"start":{"line":24,"column":8},"end":{"line":24,"column":59}},"11":{"start":{"line":29,"column":26},"end":{"line":36,"column":1}},"12":{"start":{"line":30,"column":4},"end":{"line":35,"column":4}},"13":{"start":{"line":31,"column":8},"end":{"line":33,"column":10}},"14":{"start":{"line":34,"column":4},"end":{"line":34,"column":49}},"15":{"start":{"line":39,"column":26},"end":{"line":59,"column":2}},"16":{"start":{"line":40,"column":4},"end":{"line":58,"column":6}},"17":{"start":{"line":41,"column":25},"end":{"line":51,"column":10}},"18":{"start":{"line":53,"column":24},"end":{"line":53,"column":45}},"19":{"start":{"line":55,"column":8},"end":{"line":57,"column":11}}},"fnMap":{"0":{"name":"(anonymous_0)","decl":{"start":{"line":8,"column":26},"end":{"line":8,"column":27}},"loc":{"start":{"line":8,"column":32},"end":{"line":26,"column":1}},"line":8},"1":{"name":"(anonymous_1)","decl":{"start":{"line":9,"column":11},"end":{"line":9,"column":12}},"loc":{"start":{"line":9,"column":29},"end":{"line":25,"column":5}},"line":9},"2":{"name":"(anonymous_2)","decl":{"start":{"line":29,"column":26},"end":{"line":29,"column":27}},"loc":{"start":{"line":29,"column":36},"end":{"line":36,"column":1}},"line":29},"3":{"name":"(anonymous_3)","decl":{"start":{"line":30,"column":11},"end":{"line":30,"column":12}},"loc":{"start":{"line":30,"column":29},"end":{"line":35,"column":3}},"line":30},"4":{"name":"(anonymous_4)","decl":{"start":{"line":39,"column":26},"end":{"line":39,"column":27}},"loc":{"start":{"line":39,"column":60},"end":{"line":59,"column":2}},"line":39},"5":{"name":"(anonymous_5)","decl":{"start":{"line":40,"column":11},"end":{"line":40,"column":12}},"loc":{"start":{"line":40,"column":29},"end":{"line":58,"column":5}},"line":40}},"branchMap":{},"s":{"0":1,"1":1,"2":1,"3":1,"4":0,"5":0,"6":0,"7":0,"8":0,"9":0,"10":0,"11":1,"12":0,"13":0,"14":0,"15":1,"16":0,"17":0,"18":0,"19":0},"f":{"0":0,"1":0,"2":0,"3":0,"4":0,"5":0},"b":{},"_coverageSchema":"1a1c01bbd47fc00a2c39e90264f33305004495a9","hash":"307cc597ab125a49ce2977c9bad4a873a1ca9ab5"}
,"C:\\Users\\עידן\\Documents\\GitHub\\ScruMaster\\store\\reducer\\auth.js": {"path":"C:\\Users\\עידן\\Documents\\GitHub\\ScruMaster\\store\\reducer\\auth.js","statementMap":{"0":{"start":{"line":4,"column":21},"end":{"line":7,"column":1}},"1":{"start":{"line":10,"column":4},"end":{"line":23,"column":5}},"2":{"start":{"line":12,"column":12},"end":{"line":15,"column":14}},"3":{"start":{"line":17,"column":12},"end":{"line":20,"column":14}},"4":{"start":{"line":22,"column":12},"end":{"line":22,"column":25}}},"fnMap":{"0":{"name":"(anonymous_0)","decl":{"start":{"line":9,"column":15},"end":{"line":9,"column":16}},"loc":{"start":{"line":9,"column":49},"end":{"line":24,"column":1}},"line":9}},"branchMap":{"0":{"loc":{"start":{"line":9,"column":16},"end":{"line":9,"column":36}},"type":"default-arg","locations":[{"start":{"line":9,"column":24},"end":{"line":9,"column":36}}],"line":9},"1":{"loc":{"start":{"line":10,"column":4},"end":{"line":23,"column":5}},"type":"switch","locations":[{"start":{"line":11,"column":8},"end":{"line":15,"column":14}},{"start":{"line":16,"column":8},"end":{"line":20,"column":14}},{"start":{"line":21,"column":8},"end":{"line":22,"column":25}}],"line":10}},"s":{"0":1,"1":3,"2":0,"3":0,"4":3},"f":{"0":3},"b":{"0":[3],"1":[0,0,3]},"_coverageSchema":"1a1c01bbd47fc00a2c39e90264f33305004495a9","hash":"2e3badc87fadf934bad458050f6e5b9ca869f308"}
}
