TN:
SF:App.js
FN:30,(anonymous_0)
FN:37,App
FN:43,(anonymous_2)
FNF:3
FNH:0
FNDA:0,(anonymous_0)
FNDA:0,App
FNDA:0,(anonymous_2)
DA:19,1
DA:28,1
DA:30,1
DA:31,0
DA:38,0
DA:39,0
DA:40,0
DA:43,0
DA:49,0
LF:9
LH:3
BRDA:39,0,0,0
BRDA:39,0,1,0
BRF:2
BRH:0
end_of_record
TN:
SF:components\ProjectAdminItem.js
FN:8,(anonymous_0)
FNF:1
FNH:0
FNDA:0,(anonymous_0)
DA:8,1
DA:9,0
DA:49,1
LF:3
LH:2
BRF:0
BRH:0
end_of_record
TN:
SF:components\TaskItem.js
FN:7,(anonymous_0)
FNF:1
FNH:0
FNDA:0,(anonymous_0)
DA:7,1
DA:8,0
DA:48,1
LF:3
LH:2
BRF:0
BRH:0
end_of_record
TN:
SF:components\UI\Card.js
FN:4,(anonymous_0)
FNF:1
FNH:0
FNDA:0,(anonymous_0)
DA:4,1
DA:5,0
DA:8,1
LF:3
LH:2
BRF:0
BRH:0
end_of_record
TN:
SF:components\UI\HeaderButton.js
FN:8,(anonymous_0)
FNF:1
FNH:0
FNDA:0,(anonymous_0)
DA:8,1
DA:9,0
LF:2
LH:1
BRF:0
BRH:0
end_of_record
TN:
SF:components\UI\Input.js
FN:8,(anonymous_0)
FN:26,(anonymous_1)
FN:35,(anonymous_2)
FN:41,(anonymous_3)
FN:62,(anonymous_4)
FNF:5
FNH:0
FNDA:0,(anonymous_0)
FNDA:0,(anonymous_1)
FNDA:0,(anonymous_2)
FNDA:0,(anonymous_3)
FNDA:0,(anonymous_4)
DA:4,1
DA:5,1
DA:8,1
DA:9,0
DA:11,0
DA:17,0
DA:22,0
DA:26,1
DA:27,0
DA:33,0
DA:35,0
DA:36,0
DA:37,0
DA:41,0
DA:42,0
DA:43,0
DA:44,0
DA:45,0
DA:47,0
DA:48,0
DA:50,0
DA:51,0
DA:53,0
DA:54,0
DA:56,0
DA:57,0
DA:59,0
DA:62,0
DA:63,0
DA:66,0
DA:85,1
LF:31
LH:5
BRDA:9,0,0,0
BRDA:9,0,1,0
BRDA:9,0,2,0
BRDA:28,1,0,0
BRDA:28,1,1,0
BRDA:36,2,0,0
BRDA:36,2,1,0
BRDA:44,3,0,0
BRDA:44,3,1,0
BRDA:44,4,0,0
BRDA:44,4,1,0
BRDA:47,5,0,0
BRDA:47,5,1,0
BRDA:47,6,0,0
BRDA:47,6,1,0
BRDA:50,7,0,0
BRDA:50,7,1,0
BRDA:50,8,0,0
BRDA:50,8,1,0
BRDA:53,9,0,0
BRDA:53,9,1,0
BRDA:53,10,0,0
BRDA:53,10,1,0
BRDA:56,11,0,0
BRDA:56,11,1,0
BRDA:56,12,0,0
BRDA:56,12,1,0
BRDA:76,13,0,0
BRDA:76,13,1,0
BRDA:76,13,2,0
BRF:30
BRH:0
end_of_record
TN:
SF:constants\Colors.js
FNF:0
FNH:0
LF:0
LH:0
BRF:0
BRH:0
end_of_record
TN:
SF:models\project.js
FN:2,(anonymous_0)
FNF:1
FNH:0
FNDA:0,(anonymous_0)
DA:3,0
DA:4,0
DA:5,0
LF:3
LH:0
BRF:0
BRH:0
end_of_record
TN:
SF:models\sprint.js
FN:2,(anonymous_0)
FNF:1
FNH:0
FNDA:0,(anonymous_0)
DA:3,0
DA:4,0
DA:5,0
DA:6,0
LF:4
LH:0
BRF:0
BRH:0
end_of_record
TN:
SF:models\task.js
FN:2,(anonymous_0)
FNF:1
FNH:0
FNDA:0,(anonymous_0)
DA:3,0
DA:4,0
DA:5,0
DA:6,0
DA:7,0
DA:8,0
DA:9,0
LF:7
LH:0
BRF:0
BRH:0
end_of_record
TN:
SF:navigation\AppNavigator.js
FNF:0
FNH:0
DA:26,1
DA:35,1
DA:56,1
DA:63,1
DA:76,1
DA:82,1
DA:95,1
DA:102,1
LF:8
LH:8
BRDA:28,0,0,0
BRDA:28,0,1,1
BRDA:30,1,0,0
BRDA:30,1,1,1
BRF:4
BRH:2
end_of_record
TN:
SF:screens\HomeScreen.js
FN:4,(anonymous_0)
FNF:1
FNH:0
FNDA:0,(anonymous_0)
DA:4,1
DA:6,0
DA:13,1
LF:3
LH:2
BRF:0
BRH:0
end_of_record
TN:
SF:screens\LoginScreen.js
FN:13,(anonymous_0)
FN:37,(anonymous_1)
FN:55,(anonymous_2)
FN:79,(anonymous_3)
FN:90,(anonymous_4)
FN:147,(anonymous_5)
FN:148,(anonymous_6)
FNF:7
FNH:0
FNDA:0,(anonymous_0)
FNDA:0,(anonymous_1)
FNDA:0,(anonymous_2)
FNDA:0,(anonymous_3)
FNDA:0,(anonymous_4)
FNDA:0,(anonymous_5)
FNDA:0,(anonymous_6)
DA:11,1
DA:13,1
DA:14,0
DA:15,0
DA:19,0
DA:23,0
DA:24,0
DA:25,0
DA:27,0
DA:33,0
DA:37,1
DA:38,0
DA:39,0
DA:40,0
DA:41,0
DA:43,0
DA:55,0
DA:57,0
DA:58,0
DA:63,0
DA:68,0
DA:69,0
DA:70,0
DA:71,0
DA:72,0
DA:74,0
DA:75,0
DA:78,0
DA:80,0
DA:90,0
DA:91,0
DA:92,0
DA:98,0
DA:148,0
DA:161,1
DA:165,1
LF:36
LH:5
BRDA:14,0,0,0
BRDA:14,0,1,0
BRDA:25,1,0,0
BRDA:25,1,1,0
BRDA:57,2,0,0
BRDA:57,2,1,0
BRDA:91,3,0,0
BRDA:91,3,1,0
BRDA:131,4,0,0
BRDA:131,4,1,0
BRDA:135,5,0,0
BRDA:135,5,1,0
BRDA:145,6,0,0
BRDA:145,6,1,0
BRF:14
BRH:0
end_of_record
TN:
SF:screens\LogoutScreen.js
FN:4,(anonymous_0)
FN:6,(anonymous_1)
FNF:2
FNH:0
FNDA:0,(anonymous_0)
FNDA:0,(anonymous_1)
DA:4,1
DA:6,0
DA:7,0
DA:10,0
DA:15,1
LF:5
LH:2
BRF:0
BRH:0
end_of_record
TN:
SF:screens\ProfileScreen.js
FN:7,(anonymous_0)
FN:17,(anonymous_1)
FN:25,(anonymous_2)
FNF:3
FNH:0
FNDA:0,(anonymous_0)
FNDA:0,(anonymous_1)
FNDA:0,(anonymous_2)
DA:7,1
DA:9,0
DA:17,1
DA:18,0
DA:26,0
DA:35,1
LF:6
LH:3
BRDA:24,0,0,0
BRDA:24,0,1,0
BRF:2
BRH:0
end_of_record
TN:
SF:screens\ProjectsScreen.js
FN:11,(anonymous_0)
FN:13,(anonymous_1)
FN:15,(anonymous_2)
FN:35,(anonymous_3)
FN:36,(anonymous_4)
FN:39,(anonymous_5)
FN:42,(anonymous_6)
FN:45,(anonymous_7)
FN:48,(anonymous_8)
FN:59,(anonymous_9)
FN:69,(anonymous_10)
FN:80,(anonymous_11)
FNF:12
FNH:0
FNDA:0,(anonymous_0)
FNDA:0,(anonymous_1)
FNDA:0,(anonymous_2)
FNDA:0,(anonymous_3)
FNDA:0,(anonymous_4)
FNDA:0,(anonymous_5)
FNDA:0,(anonymous_6)
FNDA:0,(anonymous_7)
FNDA:0,(anonymous_8)
FNDA:0,(anonymous_9)
FNDA:0,(anonymous_10)
FNDA:0,(anonymous_11)
DA:11,1
DA:12,0
DA:13,0
DA:15,0
DA:16,0
DA:20,0
DA:21,0
DA:31,0
DA:35,0
DA:37,0
DA:40,0
DA:43,0
DA:46,0
DA:49,0
DA:59,1
DA:60,0
DA:70,0
DA:81,0
DA:90,1
LF:19
LH:3
BRDA:20,0,0,0
BRDA:20,0,1,0
BRDA:67,1,0,0
BRDA:67,1,1,0
BRDA:79,2,0,0
BRDA:79,2,1,0
BRF:6
BRH:0
end_of_record
TN:
SF:screens\TaskDetailsScreen.js
FN:8,(anonymous_0)
FN:10,(anonymous_1)
FN:10,(anonymous_2)
FN:30,(anonymous_3)
FNF:4
FNH:0
FNDA:0,(anonymous_0)
FNDA:0,(anonymous_1)
FNDA:0,(anonymous_2)
FNDA:0,(anonymous_3)
DA:8,1
DA:9,0
DA:10,0
DA:12,0
DA:30,1
DA:31,0
DA:36,1
LF:7
LH:3
BRF:0
BRH:0
end_of_record
TN:
SF:screens\TasksScreen.js
FN:12,(anonymous_0)
FN:15,(anonymous_1)
FN:15,(anonymous_2)
FN:17,(anonymous_3)
FN:21,(anonymous_4)
FN:25,(anonymous_5)
FN:45,(anonymous_6)
FN:46,(anonymous_7)
FN:49,(anonymous_8)
FN:52,(anonymous_9)
FN:55,(anonymous_10)
FN:58,(anonymous_11)
FN:69,(anonymous_12)
FNF:13
FNH:0
FNDA:0,(anonymous_0)
FNDA:0,(anonymous_1)
FNDA:0,(anonymous_2)
FNDA:0,(anonymous_3)
FNDA:0,(anonymous_4)
FNDA:0,(anonymous_5)
FNDA:0,(anonymous_6)
FNDA:0,(anonymous_7)
FNDA:0,(anonymous_8)
FNDA:0,(anonymous_9)
FNDA:0,(anonymous_10)
FNDA:0,(anonymous_11)
FNDA:0,(anonymous_12)
DA:12,1
DA:13,0
DA:14,0
DA:15,0
DA:17,0
DA:18,0
DA:21,0
DA:22,0
DA:25,0
DA:26,0
DA:27,0
DA:30,0
DA:32,0
DA:41,0
DA:45,0
DA:47,0
DA:50,0
DA:53,0
DA:56,0
DA:59,0
DA:69,1
DA:70,0
DA:71,0
DA:87,1
LF:24
LH:3
BRDA:30,0,0,0
BRDA:30,0,1,0
BRDA:78,1,0,0
BRDA:78,1,1,0
BRF:4
BRH:0
end_of_record
TN:
SF:screens\add\AddProjectScreen.js
FN:8,(anonymous_0)
FN:13,(anonymous_1)
FN:18,(anonymous_2)
FN:31,(anonymous_3)
FN:39,(anonymous_4)
FNF:5
FNH:0
FNDA:0,(anonymous_0)
FNDA:0,(anonymous_1)
FNDA:0,(anonymous_2)
FNDA:0,(anonymous_3)
FNDA:0,(anonymous_4)
DA:8,1
DA:10,0
DA:11,0
DA:13,0
DA:14,0
DA:15,0
DA:18,0
DA:19,0
DA:23,0
DA:31,0
DA:39,1
DA:40,0
DA:41,0
DA:51,1
LF:14
LH:3
BRF:0
BRH:0
end_of_record
TN:
SF:screens\add\AddSprintScreen.js
FN:8,(anonymous_0)
FN:15,(anonymous_1)
FN:20,(anonymous_2)
FN:33,(anonymous_3)
FN:41,(anonymous_4)
FN:49,(anonymous_5)
FNF:6
FNH:0
FNDA:0,(anonymous_0)
FNDA:0,(anonymous_1)
FNDA:0,(anonymous_2)
FNDA:0,(anonymous_3)
FNDA:0,(anonymous_4)
FNDA:0,(anonymous_5)
DA:8,1
DA:10,0
DA:11,0
DA:12,0
DA:13,0
DA:15,0
DA:16,0
DA:17,0
DA:20,0
DA:21,0
DA:25,0
DA:33,0
DA:41,0
DA:49,1
DA:50,0
DA:51,0
DA:61,1
LF:17
LH:3
BRF:0
BRH:0
end_of_record
TN:
SF:screens\add\AddTaskScreen.js
FN:8,(anonymous_0)
FN:16,(anonymous_1)
FN:21,(anonymous_2)
FN:35,(anonymous_3)
FN:43,(anonymous_4)
FN:51,(anonymous_5)
FN:59,(anonymous_6)
FNF:7
FNH:0
FNDA:0,(anonymous_0)
FNDA:0,(anonymous_1)
FNDA:0,(anonymous_2)
FNDA:0,(anonymous_3)
FNDA:0,(anonymous_4)
FNDA:0,(anonymous_5)
FNDA:0,(anonymous_6)
DA:8,1
DA:10,0
DA:11,0
DA:12,0
DA:13,0
DA:14,0
DA:16,0
DA:17,0
DA:18,0
DA:21,0
DA:22,0
DA:27,0
DA:35,0
DA:43,0
DA:51,0
DA:59,1
DA:60,0
DA:61,0
DA:71,1
LF:19
LH:3
BRF:0
BRH:0
end_of_record
TN:
SF:store\action\auth.js
FN:5,(anonymous_0)
FN:6,(anonymous_1)
FN:51,(anonymous_2)
FN:52,(anonymous_3)
FNF:4
FNH:0
FNDA:0,(anonymous_0)
FNDA:0,(anonymous_1)
FNDA:0,(anonymous_2)
FNDA:0,(anonymous_3)
DA:1,1
DA:2,1
DA:5,1
DA:6,0
DA:7,0
DA:21,0
DA:22,0
DA:23,0
DA:24,0
DA:25,0
DA:26,0
DA:28,0
DA:30,0
DA:31,0
DA:46,0
DA:51,1
DA:52,0
DA:53,0
DA:68,0
DA:69,0
DA:70,0
DA:71,0
DA:72,0
DA:73,0
DA:74,0
DA:75,0
DA:77,0
DA:79,0
DA:80,0
LF:29
LH:4
BRDA:21,0,0,0
BRDA:21,0,1,0
BRDA:25,1,0,0
BRDA:25,1,1,0
BRDA:68,2,0,0
BRDA:68,2,1,0
BRDA:72,3,0,0
BRDA:72,3,1,0
BRDA:74,4,0,0
BRDA:74,4,1,0
BRF:10
BRH:0
end_of_record
TN:
SF:store\action\projects.js
FN:10,(anonymous_0)
FN:11,(anonymous_1)
FN:24,(anonymous_2)
FN:29,(anonymous_3)
FN:30,(anonymous_4)
FN:42,(anonymous_5)
FN:47,(anonymous_6)
FN:48,(anonymous_7)
FN:57,(anonymous_8)
FN:58,(anonymous_9)
FNF:10
FNH:0
FNDA:0,(anonymous_0)
FNDA:0,(anonymous_1)
FNDA:0,(anonymous_2)
FNDA:0,(anonymous_3)
FNDA:0,(anonymous_4)
FNDA:0,(anonymous_5)
FNDA:0,(anonymous_6)
FNDA:0,(anonymous_7)
FNDA:0,(anonymous_8)
FNDA:0,(anonymous_9)
DA:3,1
DA:4,1
DA:5,1
DA:6,1
DA:10,1
DA:11,0
DA:12,0
DA:13,0
DA:14,0
DA:15,0
DA:16,0
DA:17,0
DA:24,0
DA:29,1
DA:30,0
DA:31,0
DA:32,0
DA:33,0
DA:34,0
DA:35,0
DA:42,0
DA:47,1
DA:48,0
DA:49,0
DA:52,0
DA:57,1
DA:58,0
DA:59,0
DA:60,0
DA:71,0
DA:73,0
LF:31
LH:8
BRF:0
BRH:0
end_of_record
TN:
SF:store\action\sprints.js
FN:9,(anonymous_0)
FN:10,(anonymous_1)
FN:29,(anonymous_2)
FN:30,(anonymous_3)
FN:40,(anonymous_4)
FN:41,(anonymous_5)
FNF:6
FNH:0
FNDA:0,(anonymous_0)
FNDA:0,(anonymous_1)
FNDA:0,(anonymous_2)
FNDA:0,(anonymous_3)
FNDA:0,(anonymous_4)
FNDA:0,(anonymous_5)
DA:4,1
DA:5,1
DA:6,1
DA:9,1
DA:10,0
DA:11,0
DA:12,0
DA:13,0
DA:14,0
DA:15,0
DA:23,0
DA:29,1
DA:30,0
DA:31,0
DA:34,0
DA:40,1
DA:41,0
DA:42,0
DA:54,0
DA:56,0
LF:20
LH:6
BRF:0
BRH:0
end_of_record
TN:
SF:store\action\tasks.js
FN:8,(anonymous_0)
FN:9,(anonymous_1)
FN:29,(anonymous_2)
FN:30,(anonymous_3)
FN:39,(anonymous_4)
FN:40,(anonymous_5)
FNF:6
FNH:0
FNDA:0,(anonymous_0)
FNDA:0,(anonymous_1)
FNDA:0,(anonymous_2)
FNDA:0,(anonymous_3)
FNDA:0,(anonymous_4)
FNDA:0,(anonymous_5)
DA:3,1
DA:4,1
DA:5,1
DA:8,1
DA:9,0
DA:10,0
DA:11,0
DA:12,0
DA:13,0
DA:14,0
DA:24,0
DA:29,1
DA:30,0
DA:31,0
DA:34,0
DA:39,1
DA:40,0
DA:41,0
DA:53,0
DA:55,0
LF:20
LH:6
BRF:0
BRH:0
end_of_record
TN:
SF:store\reducer\auth.js
FN:9,(anonymous_0)
FNF:1
FNH:1
FNDA:3,(anonymous_0)
DA:4,1
DA:10,3
DA:12,0
DA:17,0
DA:22,3
LF:5
LH:3
BRDA:9,0,0,3
BRDA:10,1,0,0
BRDA:10,1,1,0
BRDA:10,1,2,3
BRF:4
BRH:2
end_of_record
